[debug] [2026-05-08T18:54:53.806Z] ----------------------------------------------------------------------
[debug] [2026-05-08T18:54:53.812Z] Command:       /usr/local/share/nvm/versions/node/v24.14.0/bin/node /home/codespace/nvm/current/bin/firebase deploy
[debug] [2026-05-08T18:54:53.812Z] CLI Version:   15.17.0
[debug] [2026-05-08T18:54:53.812Z] Platform:      linux
[debug] [2026-05-08T18:54:53.812Z] Node Version:  v24.14.0
[debug] [2026-05-08T18:54:53.813Z] Time:          Fri May 08 2026 18:54:53 GMT+0000 (Coordinated Universal Time)
[debug] [2026-05-08T18:54:53.813Z] ----------------------------------------------------------------------
[debug] 
[debug] [2026-05-08T18:54:54.934Z] > command requires scopes: ["email","openid","https://www.googleapis.com/auth/cloudplatformprojects.readonly","https://www.googleapis.com/auth/firebase","https://www.googleapis.com/auth/cloud-platform"]
[debug] [2026-05-08T18:54:54.934Z] > authorizing via signed-in user (sauls61708@gmail.com)
[debug] [2026-05-08T18:54:54.935Z] [iam] checking project opraffles1 for permissions ["cloudfunctions.functions.create","cloudfunctions.functions.delete","cloudfunctions.functions.get","cloudfunctions.functions.list","cloudfunctions.functions.update","cloudfunctions.operations.get","datastore.indexes.create","datastore.indexes.delete","datastore.indexes.list","datastore.indexes.update","firebase.projects.get","firebasehosting.sites.update","firebaserules.releases.create","firebaserules.releases.update","firebaserules.rulesets.create"]
[debug] [2026-05-08T18:54:54.936Z] Checked if tokens are valid: true, expires at: 1778268665043
[debug] [2026-05-08T18:54:54.936Z] Checked if tokens are valid: true, expires at: 1778268665043
[debug] [2026-05-08T18:54:54.937Z] >>> [apiv2][query] POST https://cloudresourcemanager.googleapis.com/v1/projects/opraffles1:testIamPermissions [none]
[debug] [2026-05-08T18:54:54.937Z] >>> [apiv2][(partial)header] POST https://cloudresourcemanager.googleapis.com/v1/projects/opraffles1:testIamPermissions  x-goog-user-project=opraffles1
[debug] [2026-05-08T18:54:54.937Z] >>> [apiv2][body] POST https://cloudresourcemanager.googleapis.com/v1/projects/opraffles1:testIamPermissions {"permissions":["cloudfunctions.functions.create","cloudfunctions.functions.delete","cloudfunctions.functions.get","cloudfunctions.functions.list","cloudfunctions.functions.update","cloudfunctions.operations.get","datastore.indexes.create","datastore.indexes.delete","datastore.indexes.list","datastore.indexes.update","firebase.projects.get","firebasehosting.sites.update","firebaserules.releases.create","firebaserules.releases.update","firebaserules.rulesets.create"]}
[debug] [2026-05-08T18:54:55.109Z] <<< [apiv2][status] POST https://cloudresourcemanager.googleapis.com/v1/projects/opraffles1:testIamPermissions 200
[debug] [2026-05-08T18:54:55.111Z] <<< [apiv2][body] POST https://cloudresourcemanager.googleapis.com/v1/projects/opraffles1:testIamPermissions {"permissions":["cloudfunctions.functions.create","cloudfunctions.functions.delete","cloudfunctions.functions.get","cloudfunctions.functions.list","cloudfunctions.functions.update","cloudfunctions.operations.get","datastore.indexes.create","datastore.indexes.delete","datastore.indexes.list","datastore.indexes.update","firebase.projects.get","firebasehosting.sites.update","firebaserules.releases.create","firebaserules.releases.update","firebaserules.rulesets.create"]}
[debug] [2026-05-08T18:54:55.112Z] Checked if tokens are valid: true, expires at: 1778268665043
[debug] [2026-05-08T18:54:55.112Z] Checked if tokens are valid: true, expires at: 1778268665043
[debug] [2026-05-08T18:54:55.112Z] >>> [apiv2][query] POST https://iam.googleapis.com/v1/projects/opraffles1/serviceAccounts/opraffles1@appspot.gserviceaccount.com:testIamPermissions [none]
[debug] [2026-05-08T18:54:55.112Z] >>> [apiv2][body] POST https://iam.googleapis.com/v1/projects/opraffles1/serviceAccounts/opraffles1@appspot.gserviceaccount.com:testIamPermissions {"permissions":["iam.serviceAccounts.actAs"]}
[debug] [2026-05-08T18:54:55.189Z] <<< [apiv2][status] POST https://iam.googleapis.com/v1/projects/opraffles1/serviceAccounts/opraffles1@appspot.gserviceaccount.com:testIamPermissions 200
[debug] [2026-05-08T18:54:55.190Z] <<< [apiv2][body] POST https://iam.googleapis.com/v1/projects/opraffles1/serviceAccounts/opraffles1@appspot.gserviceaccount.com:testIamPermissions {"permissions":["iam.serviceAccounts.actAs"]}
[debug] [2026-05-08T18:54:55.190Z] Checked if tokens are valid: true, expires at: 1778268665043
[debug] [2026-05-08T18:54:55.190Z] Checked if tokens are valid: true, expires at: 1778268665043
[debug] [2026-05-08T18:54:55.191Z] >>> [apiv2][query] GET https://firebase.googleapis.com/v1beta1/projects/opraffles1 [none]
[debug] [2026-05-08T18:54:55.370Z] <<< [apiv2][status] GET https://firebase.googleapis.com/v1beta1/projects/opraffles1 200
[debug] [2026-05-08T18:54:55.370Z] <<< [apiv2][body] GET https://firebase.googleapis.com/v1beta1/projects/opraffles1 {"projectId":"opraffles1","projectNumber":"334754038693","displayName":"opraffles1","name":"projects/opraffles1","resources":{"hostingSite":"opraffles1"},"state":"ACTIVE","etag":"1_98d0faed-f6e6-437d-a7bc-f76991cad285"}
[info] 
[info] === Deploying to 'opraffles1'...
[info] 
[info] i  deploying storage, firestore, functions, hosting 
[info] i  storage: ensuring required API firebasestorage.googleapis.com is enabled... 
[debug] [2026-05-08T18:54:55.373Z] Checked if tokens are valid: true, expires at: 1778268665043
[debug] [2026-05-08T18:54:55.373Z] Checked if tokens are valid: true, expires at: 1778268665043
[debug] [2026-05-08T18:54:55.374Z] >>> [apiv2][query] GET https://firebasestorage.googleapis.com/v1alpha/projects/opraffles1/defaultBucket [none]
[debug] [2026-05-08T18:54:55.560Z] <<< [apiv2][status] GET https://firebasestorage.googleapis.com/v1alpha/projects/opraffles1/defaultBucket 200
[debug] [2026-05-08T18:54:55.560Z] <<< [apiv2][body] GET https://firebasestorage.googleapis.com/v1alpha/projects/opraffles1/defaultBucket {"name":"projects/opraffles1/defaultBucket","location":"US-EAST1","bucket":{"name":"projects/opraffles1/buckets/opraffles1.firebasestorage.app"},"storageClass":"REGIONAL"}
[info] i  firebase.storage: checking storage.rules for compilation errors... 
[debug] [2026-05-08T18:54:55.561Z] Checked if tokens are valid: true, expires at: 1778268665043
[debug] [2026-05-08T18:54:55.562Z] Checked if tokens are valid: true, expires at: 1778268665043
[debug] [2026-05-08T18:54:55.562Z] >>> [apiv2][query] POST https://firebaserules.googleapis.com/v1/projects/opraffles1:test [none]
[debug] [2026-05-08T18:54:55.562Z] >>> [apiv2][body] POST https://firebaserules.googleapis.com/v1/projects/opraffles1:test [omitted]
[debug] [2026-05-08T18:54:55.673Z] <<< [apiv2][status] POST https://firebaserules.googleapis.com/v1/projects/opraffles1:test 200
[debug] [2026-05-08T18:54:55.673Z] <<< [apiv2][body] POST https://firebaserules.googleapis.com/v1/projects/opraffles1:test {}
[info] ✔  firebase.storage: rules file storage.rules compiled successfully 
[info] i  firestore: ensuring required API firestore.googleapis.com is enabled... 
[info] i  firestore: ensuring required API firestore.googleapis.com is enabled... 
[debug] [2026-05-08T18:54:55.675Z] Checked if tokens are valid: true, expires at: 1778268665043
[debug] [2026-05-08T18:54:55.675Z] Checked if tokens are valid: true, expires at: 1778268665043
[debug] [2026-05-08T18:54:55.675Z] >>> [apiv2][query] GET https://firestore.googleapis.com/v1/projects/opraffles1/databases/(default) [none]
[debug] [2026-05-08T18:54:55.867Z] <<< [apiv2][status] GET https://firestore.googleapis.com/v1/projects/opraffles1/databases/(default) 200
[debug] [2026-05-08T18:54:55.867Z] <<< [apiv2][body] GET https://firestore.googleapis.com/v1/projects/opraffles1/databases/(default) {"name":"projects/opraffles1/databases/(default)","uid":"7d66b834-7dbc-406f-aa85-50037eb55541","createTime":"2026-05-08T18:10:55.566609Z","updateTime":"2026-05-08T18:10:55.566609Z","locationId":"nam5","type":"FIRESTORE_NATIVE","concurrencyMode":"PESSIMISTIC","versionRetentionPeriod":"3600s","earliestVersionTime":"2026-05-08T18:10:55.566609Z","appEngineIntegrationMode":"DISABLED","keyPrefix":"s","pointInTimeRecoveryEnablement":"POINT_IN_TIME_RECOVERY_DISABLED","deleteProtectionState":"DELETE_PROTECTION_DISABLED","databaseEdition":"STANDARD","freeTier":true,"realtimeUpdatesMode":"REALTIME_UPDATES_MODE_ENABLED","etag":"IOu5tvauqpQDMIC1rc2nqpQD"}
[info] i  firestore: reading indexes from firestore.indexes.json... 
[info] i  cloud.firestore: checking firestore.rules for compilation errors... 
[debug] [2026-05-08T18:54:55.868Z] Checked if tokens are valid: true, expires at: 1778268665043
[debug] [2026-05-08T18:54:55.868Z] Checked if tokens are valid: true, expires at: 1778268665043
[debug] [2026-05-08T18:54:55.868Z] >>> [apiv2][query] POST https://firebaserules.googleapis.com/v1/projects/opraffles1:test [none]
[debug] [2026-05-08T18:54:55.868Z] >>> [apiv2][body] POST https://firebaserules.googleapis.com/v1/projects/opraffles1:test [omitted]
[debug] [2026-05-08T18:54:55.989Z] <<< [apiv2][status] POST https://firebaserules.googleapis.com/v1/projects/opraffles1:test 200
[debug] [2026-05-08T18:54:55.989Z] <<< [apiv2][body] POST https://firebaserules.googleapis.com/v1/projects/opraffles1:test {}
[info] ✔  cloud.firestore: rules file firestore.rules compiled successfully 
[debug] [2026-05-08T18:54:55.991Z] Checked if tokens are valid: true, expires at: 1778268665043
[debug] [2026-05-08T18:54:55.991Z] Checked if tokens are valid: true, expires at: 1778268665043
[debug] [2026-05-08T18:54:55.991Z] >>> [apiv2][query] GET https://cloudresourcemanager.googleapis.com/v1/projects/opraffles1 [none]
[debug] [2026-05-08T18:54:56.095Z] <<< [apiv2][status] GET https://cloudresourcemanager.googleapis.com/v1/projects/opraffles1 200
[debug] [2026-05-08T18:54:56.096Z] <<< [apiv2][body] GET https://cloudresourcemanager.googleapis.com/v1/projects/opraffles1 {"projectNumber":"334754038693","projectId":"opraffles1","lifecycleState":"ACTIVE","name":"opraffles1","labels":{"firebase":"enabled","firebase-core":"disabled"},"createTime":"2026-05-08T17:42:33.044Z"}
[info] i  functions: preparing codebase default for deployment 
[info] i  functions: ensuring required API cloudfunctions.googleapis.com is enabled... 
[info] i  functions: ensuring required API cloudbuild.googleapis.com is enabled... 
[info] i  artifactregistry: ensuring required API artifactregistry.googleapis.com is enabled... 
[debug] [2026-05-08T18:54:56.102Z] Checked if tokens are valid: true, expires at: 1778268665043
[debug] [2026-05-08T18:54:56.102Z] Checked if tokens are valid: true, expires at: 1778268665043
[debug] [2026-05-08T18:54:56.106Z] >>> [apiv2][query] GET https://firebase.googleapis.com/v1beta1/projects/opraffles1/adminSdkConfig [none]
[debug] [2026-05-08T18:54:56.322Z] <<< [apiv2][status] GET https://firebase.googleapis.com/v1beta1/projects/opraffles1/adminSdkConfig 200
[debug] [2026-05-08T18:54:56.323Z] <<< [apiv2][body] GET https://firebase.googleapis.com/v1beta1/projects/opraffles1/adminSdkConfig {"projectId":"opraffles1","storageBucket":"opraffles1.firebasestorage.app"}
[debug] [2026-05-08T18:54:56.323Z] Checked if tokens are valid: true, expires at: 1778268665043
[debug] [2026-05-08T18:54:56.323Z] Checked if tokens are valid: true, expires at: 1778268665043
[debug] [2026-05-08T18:54:56.323Z] >>> [apiv2][query] GET https://runtimeconfig.googleapis.com/v1beta1/projects/opraffles1/configs [none]
[debug] [2026-05-08T18:54:56.437Z] <<< [apiv2][status] GET https://runtimeconfig.googleapis.com/v1beta1/projects/opraffles1/configs 200
[debug] [2026-05-08T18:54:56.437Z] <<< [apiv2][body] GET https://runtimeconfig.googleapis.com/v1beta1/projects/opraffles1/configs {}
[debug] [2026-05-08T18:54:56.439Z] Validating nodejs source
[debug] [2026-05-08T18:54:56.941Z] > [functions] package.json contents: {
  "name": "functions",
  "description": "Cloud Functions for Firebase",
  "scripts": {
    "lint": "eslint .",
    "serve": "firebase emulators:start --only functions",
    "shell": "firebase functions:shell",
    "start": "npm run shell",
    "deploy": "firebase deploy --only functions",
    "logs": "firebase functions:log"
  },
  "engines": {
    "node": "24"
  },
  "main": "index.js",
  "dependencies": {
    "firebase-admin": "^13.6.0",
    "firebase-functions": "^7.0.0",
    "stripe": "^16.12.0"
  },
  "devDependencies": {
    "eslint": "^8.15.0",
    "eslint-config-google": "^0.14.0",
    "firebase-functions-test": "^3.4.1"
  },
  "private": true
}
[debug] [2026-05-08T18:54:56.941Z] Building nodejs source
[info] i  functions: Loading and analyzing source code for codebase default to determine what to deploy 
[debug] [2026-05-08T18:54:56.943Z] Could not find functions.yaml. Must use http discovery
[debug] [2026-05-08T18:54:56.952Z] Found firebase-functions binary at '/workspaces/opraffles/functions/node_modules/.bin/firebase-functions'
[info] Serving at port 8872

